-------------------------------------------------------------------------------
Test set: org.Iteration4.TestUser_it4
-------------------------------------------------------------------------------
Tests run: 1, Failures: 0, Errors: 1, Skipped: 0, Time elapsed: 0 sec <<< FAILURE! - in org.Iteration4.TestUser_it4
testCalculateTotalPrice(org.Iteration4.TestUser_it4)  Time elapsed: 0 sec  <<< ERROR!
java.lang.NullPointerException: null
	at org.Iteration4.TestUser_it4.setUp(TestUser_it4.java:29)

