-------------------------------------------------------------------------------
Test set: org.Iteration5.TestDaoSong_it5
-------------------------------------------------------------------------------
Tests run: 1, Failures: 0, Errors: 1, Skipped: 0, Time elapsed: 0 sec <<< FAILURE! - in org.Iteration5.TestDaoSong_it5
testDeleteSong(org.Iteration5.TestDaoSong_it5)  Time elapsed: 0 sec  <<< ERROR!
java.lang.NullPointerException: null
	at Domain.DaoSong_it5.deleteSong(DaoSong_it5.java:16)
	at org.Iteration5.TestDaoSong_it5.testDeleteSong(TestDaoSong_it5.java:28)

