<?xml version="1.0" encoding="UTF-8"?>
<checkstyle version="6.11.2">
<file name="C:\Users\Pablo\git\GeoDevelopersISO2\Spotif\Iteration3\src\main\java\domain\Album_it3.java">
<error line="0" severity="error" message="Missing package-info.java file." source="com.puppycrawl.tools.checkstyle.checks.javadoc.JavadocPackageCheck"/>
<error line="3" column="1" severity="error" message="Redundant import from the same package - domain.Album." source="com.puppycrawl.tools.checkstyle.checks.imports.RedundantImportCheck"/>
<error line="4" column="1" severity="error" message="Redundant import from the same package - domain.Song." source="com.puppycrawl.tools.checkstyle.checks.imports.RedundantImportCheck"/>
<error line="10" column="14" severity="error" message="Name &apos;Album_it3&apos; must match pattern &apos;^[A-Z][a-zA-Z0-9]*$&apos;." source="com.puppycrawl.tools.checkstyle.checks.naming.TypeNameCheck"/>
<error line="12" column="1" severity="error" message="File contains tab characters (this is the first instance)." source="com.puppycrawl.tools.checkstyle.checks.whitespace.FileTabCharacterCheck"/>
<error line="20" column="26" severity="error" message="Parameter idAlbum should be final." source="com.puppycrawl.tools.checkstyle.checks.FinalParametersCheck"/>
<error line="20" column="33" severity="error" message="Expected @param tag for &apos;idAlbum&apos;." source="com.puppycrawl.tools.checkstyle.checks.javadoc.JavadocMethodCheck"/>
<error line="20" column="42" severity="error" message="Parameter title should be final." source="com.puppycrawl.tools.checkstyle.checks.FinalParametersCheck"/>
<error line="20" column="49" severity="error" message="Expected @param tag for &apos;title&apos;." source="com.puppycrawl.tools.checkstyle.checks.javadoc.JavadocMethodCheck"/>
<error line="20" column="56" severity="error" message="Parameter singer should be final." source="com.puppycrawl.tools.checkstyle.checks.FinalParametersCheck"/>
<error line="20" column="63" severity="error" message="Expected @param tag for &apos;singer&apos;." source="com.puppycrawl.tools.checkstyle.checks.javadoc.JavadocMethodCheck"/>
<error line="20" column="71" severity="error" message="Parameter price should be final." source="com.puppycrawl.tools.checkstyle.checks.FinalParametersCheck"/>
<error line="20" column="78" severity="error" message="Expected @param tag for &apos;price&apos;." source="com.puppycrawl.tools.checkstyle.checks.javadoc.JavadocMethodCheck"/>
<error line="20" column="85" severity="error" message="Parameter date should be final." source="com.puppycrawl.tools.checkstyle.checks.FinalParametersCheck"/>
<error line="20" column="92" severity="error" message="Expected @param tag for &apos;date&apos;." source="com.puppycrawl.tools.checkstyle.checks.javadoc.JavadocMethodCheck"/>
<error line="20" column="98" severity="error" message="Parameter listSongs should be final." source="com.puppycrawl.tools.checkstyle.checks.FinalParametersCheck"/>
<error line="20" column="105" severity="error" message="Expected @param tag for &apos;listSongs&apos;." source="com.puppycrawl.tools.checkstyle.checks.javadoc.JavadocMethodCheck"/>
<error line="27" column="9" severity="error" message="Method &apos;setidAlbum&apos; is not designed for extension - needs to be abstract, final or empty." source="com.puppycrawl.tools.checkstyle.checks.design.DesignForExtensionCheck"/>
<error line="27" column="32" severity="error" message="Parameter idAlbum should be final." source="com.puppycrawl.tools.checkstyle.checks.FinalParametersCheck"/>
<error line="27" column="39" severity="error" message="Expected @param tag for &apos;idAlbum&apos;." source="com.puppycrawl.tools.checkstyle.checks.javadoc.JavadocMethodCheck"/>
<error line="34" column="9" severity="error" message="Method &apos;setTitle&apos; is not designed for extension - needs to be abstract, final or empty." source="com.puppycrawl.tools.checkstyle.checks.design.DesignForExtensionCheck"/>
<error line="34" column="30" severity="error" message="Parameter title should be final." source="com.puppycrawl.tools.checkstyle.checks.FinalParametersCheck"/>
<error line="34" column="37" severity="error" message="Expected @param tag for &apos;title&apos;." source="com.puppycrawl.tools.checkstyle.checks.javadoc.JavadocMethodCheck"/>
<error line="41" column="9" severity="error" message="Method &apos;setSinger&apos; is not designed for extension - needs to be abstract, final or empty." source="com.puppycrawl.tools.checkstyle.checks.design.DesignForExtensionCheck"/>
<error line="41" column="31" severity="error" message="Parameter singer should be final." source="com.puppycrawl.tools.checkstyle.checks.FinalParametersCheck"/>
<error line="41" column="38" severity="error" message="Expected @param tag for &apos;singer&apos;." source="com.puppycrawl.tools.checkstyle.checks.javadoc.JavadocMethodCheck"/>
<error line="48" column="9" severity="error" message="Method &apos;setPrice&apos; is not designed for extension - needs to be abstract, final or empty." source="com.puppycrawl.tools.checkstyle.checks.design.DesignForExtensionCheck"/>
<error line="48" column="30" severity="error" message="Parameter price should be final." source="com.puppycrawl.tools.checkstyle.checks.FinalParametersCheck"/>
<error line="48" column="37" severity="error" message="Expected @param tag for &apos;price&apos;." source="com.puppycrawl.tools.checkstyle.checks.javadoc.JavadocMethodCheck"/>
<error line="55" column="9" severity="error" message="Method &apos;setDate&apos; is not designed for extension - needs to be abstract, final or empty." source="com.puppycrawl.tools.checkstyle.checks.design.DesignForExtensionCheck"/>
<error line="55" column="29" severity="error" message="Parameter date should be final." source="com.puppycrawl.tools.checkstyle.checks.FinalParametersCheck"/>
<error line="55" column="36" severity="error" message="Expected @param tag for &apos;date&apos;." source="com.puppycrawl.tools.checkstyle.checks.javadoc.JavadocMethodCheck"/>
</file>
<file name="C:\Users\Pablo\git\GeoDevelopersISO2\Spotif\Iteration3\src\main\java\domain\DaoAlbum_it3.java">
<error line="14" column="14" severity="error" message="Name &apos;DaoAlbum_it3&apos; must match pattern &apos;^[A-Z][a-zA-Z0-9]*$&apos;." source="com.puppycrawl.tools.checkstyle.checks.naming.TypeNameCheck"/>
<error line="16" column="1" severity="error" message="File contains tab characters (this is the first instance)." source="com.puppycrawl.tools.checkstyle.checks.whitespace.FileTabCharacterCheck"/>
<error line="19" column="9" severity="error" message="Method &apos;changePrice&apos; is not designed for extension - needs to be abstract, final or empty." source="com.puppycrawl.tools.checkstyle.checks.design.DesignForExtensionCheck"/>
<error line="19" column="33" severity="error" message="Parameter album should be final." source="com.puppycrawl.tools.checkstyle.checks.FinalParametersCheck"/>
<error line="19" column="43" severity="error" message="Expected @param tag for &apos;album&apos;." source="com.puppycrawl.tools.checkstyle.checks.javadoc.JavadocMethodCheck"/>
</file>
<file name="C:\Users\Pablo\git\GeoDevelopersISO2\Spotif\Iteration3\src\main\java\domain\DaoSong_it3.java">
<error line="14" column="14" severity="error" message="Name &apos;DaoSong_it3&apos; must match pattern &apos;^[A-Z][a-zA-Z0-9]*$&apos;." source="com.puppycrawl.tools.checkstyle.checks.naming.TypeNameCheck"/>
<error line="16" column="1" severity="error" message="File contains tab characters (this is the first instance)." source="com.puppycrawl.tools.checkstyle.checks.whitespace.FileTabCharacterCheck"/>
<error line="19" column="9" severity="error" message="Method &apos;changePrice&apos; is not designed for extension - needs to be abstract, final or empty." source="com.puppycrawl.tools.checkstyle.checks.design.DesignForExtensionCheck"/>
<error line="19" column="33" severity="error" message="Parameter song should be final." source="com.puppycrawl.tools.checkstyle.checks.FinalParametersCheck"/>
<error line="19" column="42" severity="error" message="Expected @param tag for &apos;song&apos;." source="com.puppycrawl.tools.checkstyle.checks.javadoc.JavadocMethodCheck"/>
</file>
<file name="C:\Users\Pablo\git\GeoDevelopersISO2\Spotif\Iteration3\src\main\java\domain\Song_it3.java">
<error line="3" column="1" severity="error" message="Redundant import from the same package - domain.Song." source="com.puppycrawl.tools.checkstyle.checks.imports.RedundantImportCheck"/>
<error line="9" column="14" severity="error" message="Name &apos;Song_it3&apos; must match pattern &apos;^[A-Z][a-zA-Z0-9]*$&apos;." source="com.puppycrawl.tools.checkstyle.checks.naming.TypeNameCheck"/>
<error line="11" column="1" severity="error" message="File contains tab characters (this is the first instance)." source="com.puppycrawl.tools.checkstyle.checks.whitespace.FileTabCharacterCheck"/>
<error line="18" column="25" severity="error" message="Parameter idSong should be final." source="com.puppycrawl.tools.checkstyle.checks.FinalParametersCheck"/>
<error line="18" column="32" severity="error" message="Expected @param tag for &apos;idSong&apos;." source="com.puppycrawl.tools.checkstyle.checks.javadoc.JavadocMethodCheck"/>
<error line="18" column="40" severity="error" message="Parameter title should be final." source="com.puppycrawl.tools.checkstyle.checks.FinalParametersCheck"/>
<error line="18" column="47" severity="error" message="Expected @param tag for &apos;title&apos;." source="com.puppycrawl.tools.checkstyle.checks.javadoc.JavadocMethodCheck"/>
<error line="18" column="54" severity="error" message="Parameter singer should be final." source="com.puppycrawl.tools.checkstyle.checks.FinalParametersCheck"/>
<error line="18" column="61" severity="error" message="Expected @param tag for &apos;singer&apos;." source="com.puppycrawl.tools.checkstyle.checks.javadoc.JavadocMethodCheck"/>
<error line="18" column="69" severity="error" message="Parameter price should be final." source="com.puppycrawl.tools.checkstyle.checks.FinalParametersCheck"/>
<error line="18" column="76" severity="error" message="Expected @param tag for &apos;price&apos;." source="com.puppycrawl.tools.checkstyle.checks.javadoc.JavadocMethodCheck"/>
<error line="18" column="83" severity="error" message="Parameter date should be final." source="com.puppycrawl.tools.checkstyle.checks.FinalParametersCheck"/>
<error line="18" column="90" severity="error" message="Expected @param tag for &apos;date&apos;." source="com.puppycrawl.tools.checkstyle.checks.javadoc.JavadocMethodCheck"/>
<error line="26" column="9" severity="error" message="Method &apos;setTitle&apos; is not designed for extension - needs to be abstract, final or empty." source="com.puppycrawl.tools.checkstyle.checks.design.DesignForExtensionCheck"/>
<error line="26" column="30" severity="error" message="Parameter title should be final." source="com.puppycrawl.tools.checkstyle.checks.FinalParametersCheck"/>
<error line="26" column="37" severity="error" message="Expected @param tag for &apos;title&apos;." source="com.puppycrawl.tools.checkstyle.checks.javadoc.JavadocMethodCheck"/>
<error line="33" column="9" severity="error" message="Method &apos;setSinger&apos; is not designed for extension - needs to be abstract, final or empty." source="com.puppycrawl.tools.checkstyle.checks.design.DesignForExtensionCheck"/>
<error line="33" column="31" severity="error" message="Parameter singer should be final." source="com.puppycrawl.tools.checkstyle.checks.FinalParametersCheck"/>
<error line="33" column="38" severity="error" message="Expected @param tag for &apos;singer&apos;." source="com.puppycrawl.tools.checkstyle.checks.javadoc.JavadocMethodCheck"/>
<error line="40" column="9" severity="error" message="Method &apos;setPrice&apos; is not designed for extension - needs to be abstract, final or empty." source="com.puppycrawl.tools.checkstyle.checks.design.DesignForExtensionCheck"/>
<error line="40" column="30" severity="error" message="Parameter price should be final." source="com.puppycrawl.tools.checkstyle.checks.FinalParametersCheck"/>
<error line="40" column="37" severity="error" message="Expected @param tag for &apos;price&apos;." source="com.puppycrawl.tools.checkstyle.checks.javadoc.JavadocMethodCheck"/>
<error line="47" column="9" severity="error" message="Method &apos;setDate&apos; is not designed for extension - needs to be abstract, final or empty." source="com.puppycrawl.tools.checkstyle.checks.design.DesignForExtensionCheck"/>
<error line="47" column="29" severity="error" message="Parameter date should be final." source="com.puppycrawl.tools.checkstyle.checks.FinalParametersCheck"/>
<error line="47" column="36" severity="error" message="Expected @param tag for &apos;date&apos;." source="com.puppycrawl.tools.checkstyle.checks.javadoc.JavadocMethodCheck"/>
<error line="54" column="9" severity="error" message="Method &apos;setSong&apos; is not designed for extension - needs to be abstract, final or empty." source="com.puppycrawl.tools.checkstyle.checks.design.DesignForExtensionCheck"/>
<error line="54" column="29" severity="error" message="Parameter idSong should be final." source="com.puppycrawl.tools.checkstyle.checks.FinalParametersCheck"/>
<error line="54" column="36" severity="error" message="Expected @param tag for &apos;idSong&apos;." source="com.puppycrawl.tools.checkstyle.checks.javadoc.JavadocMethodCheck"/>
</file>
<file name="C:\Users\Pablo\git\GeoDevelopersISO2\Spotif\Iteration3\src\main\java\persistence\DBBroker_it3.java">
<error line="0" severity="error" message="Missing package-info.java file." source="com.puppycrawl.tools.checkstyle.checks.javadoc.JavadocPackageCheck"/>
<error line="3" column="1" severity="error" message="Redundant import from the same package - persistence.DBBroker." source="com.puppycrawl.tools.checkstyle.checks.imports.RedundantImportCheck"/>
<error line="9" column="14" severity="error" message="Name &apos;DBBroker_it3&apos; must match pattern &apos;^[A-Z][a-zA-Z0-9]*$&apos;." source="com.puppycrawl.tools.checkstyle.checks.naming.TypeNameCheck"/>
<error line="10" column="1" severity="error" message="File contains tab characters (this is the first instance)." source="com.puppycrawl.tools.checkstyle.checks.whitespace.FileTabCharacterCheck"/>
</file>
<file name="C:\Users\Pablo\git\GeoDevelopersISO2\Spotif\Iteration3\src\main\java\Presentation\AppInterface_it3.java">
<error line="0" severity="error" message="Missing package-info.java file." source="com.puppycrawl.tools.checkstyle.checks.javadoc.JavadocPackageCheck"/>
<error line="1" column="9" severity="error" message="Name &apos;Presentation&apos; must match pattern &apos;^[a-z]+(\.[a-zA-Z_][a-zA-Z0-9_]*)*$&apos;." source="com.puppycrawl.tools.checkstyle.checks.naming.PackageNameCheck"/>
<error line="14" column="14" severity="error" message="Name &apos;AppInterface_it3&apos; must match pattern &apos;^[A-Z][a-zA-Z0-9]*$&apos;." source="com.puppycrawl.tools.checkstyle.checks.naming.TypeNameCheck"/>
<error line="16" column="1" severity="error" message="File contains tab characters (this is the first instance)." source="com.puppycrawl.tools.checkstyle.checks.whitespace.FileTabCharacterCheck"/>
<error line="31" column="33" severity="error" message="Parameter args should be final." source="com.puppycrawl.tools.checkstyle.checks.FinalParametersCheck"/>
<error line="31" column="42" severity="error" message="Expected @param tag for &apos;args&apos;." source="com.puppycrawl.tools.checkstyle.checks.javadoc.JavadocMethodCheck"/>
</file>
</checkstyle>
